<?xml version="1.0" encoding="UTF-8"?>
<testsuite xmlns:xsi="http://www.w3.org/2001/XMLSchema-instance" xsi:noNamespaceSchemaLocation="https://maven.apache.org/surefire/maven-surefire-plugin/xsd/surefire-test-report.xsd" version="3.0.2" name="com.example.oracleDbContainer.OracleDbContainerApplicationTests" time="0.924" tests="1" errors="0" skipped="0" failures="0">
  <properties>
[...]
</properties>
  <testcase name="contextLoads" classname="com.example.oracleDbContainer.OracleDbContainerApplicationTests" time="0.428">
    <system-out><![CDATA[09:01:57.891 [main] INFO org.springframework.test.context.support.AnnotationConfigContextLoaderUtils -- Could not detect default configuration classes for test class [com.example.oracleDbContainer.OracleDbContainerApplicationTests]: OracleDbContainerApplicationTests does not declare any static, non-private, non-final, nested classes annotated with @Configuration.
09:01:57.959 [main] INFO org.springframework.boot.test.context.SpringBootTestContextBootstrapper -- Found @SpringBootConfiguration com.example.oracleDbContainer.OracleDbContainerApplication for test class com.example.oracleDbContainer.OracleDbContainerApplicationTests

  .   ____          _            __ _ _
 /\\ / ___'_ __ _ _(_)_ __  __ _ \ \ \ \
( ( )\___ | '_ | '_| | '_ \/ _` | \ \ \ \
 \\/  ___)| |_)| | | | | || (_| |  ) ) ) )
  '  |____| .__|_| |_|_| |_\__, | / / / /
 =========|_|==============|___/=/_/_/_/

 :: Spring Boot ::                (v3.4.5)

2025-04-28T09:01:58.148-06:00  INFO 73687 --- [oracleDbContainer] [           main] c.e.o.OracleDbContainerApplicationTests  : Starting OracleDbContainerApplicationTests using Java 22.0.1 with PID 73687 (started by fernandadiaz in /Users/fernandadiaz/Downloads/OracleDbContainer_A01639572)
2025-04-28T09:01:58.149-06:00  INFO 73687 --- [oracleDbContainer] [           main] c.e.o.OracleDbContainerApplicationTests  : No active profile set, falling back to 1 default profile: "default"
2025-04-28T09:01:58.310-06:00  INFO 73687 --- [oracleDbContainer] [           main] c.e.o.OracleDbContainerApplicationTests  : Started OracleDbContainerApplicationTests in 0.299 seconds (process running for 0.745)
]]></system-out>
    <system-err><![CDATA[Mockito is currently self-attaching to enable the inline-mock-maker. This will no longer work in future releases of the JDK. Please add Mockito as an agent to your build what is described in Mockito's documentation: https://javadoc.io/doc/org.mockito/mockito-core/latest/org/mockito/Mockito.html#0.3
WARNING: A Java agent has been loaded dynamically (/Users/fernandadiaz/.m2/repository/net/bytebuddy/byte-buddy-agent/1.15.11/byte-buddy-agent-1.15.11.jar)
WARNING: If a serviceability tool is in use, please run with -XX:+EnableDynamicAgentLoading to hide this warning
WARNING: If a serviceability tool is not in use, please run with -Djdk.instrument.traceUsage for more information
WARNING: Dynamic loading of agents will be disallowed by default in a future release
]]></system-err>
  </testcase>
</testsuite>