<?xml version="1.0" encoding="UTF-8"?>
<testsuite xmlns:xsi="http://www.w3.org/2001/XMLSchema-instance" xsi:noNamespaceSchemaLocation="https://maven.apache.org/surefire/maven-surefire-plugin/xsd/surefire-test-report.xsd" version="3.0.2" name="com.example.oracleDbContainer.InitializedDatabaseTest" time="19.884" tests="1" errors="0" skipped="0" failures="0">
  <properties>
[...]
</properties>
  <testcase name="getSprint" classname="com.example.oracleDbContainer.InitializedDatabaseTest" time="0.13">
    <system-out><![CDATA[2025-04-28T09:41:53.944-06:00  INFO 15805 --- [oracleDbContainer] [           main] org.testcontainers.images.PullPolicy     : Image pull policy will be performed by: DefaultPullPolicy()
2025-04-28T09:41:53.945-06:00  INFO 15805 --- [oracleDbContainer] [           main] o.t.utility.ImageNameSubstitutor         : Image name substitution will be performed by: DefaultImageNameSubstitutor (composite of 'ConfigurationFileImageNameSubstitutor' and 'PrefixingImageNameSubstitutor')
2025-04-28T09:41:53.950-06:00  INFO 15805 --- [oracleDbContainer] [           main] org.testcontainers.DockerClientFactory   : Testcontainers version: 1.20.6
2025-04-28T09:41:54.054-06:00  INFO 15805 --- [oracleDbContainer] [           main] o.t.d.DockerClientProviderStrategy       : Loaded org.testcontainers.dockerclient.UnixSocketClientProviderStrategy from ~/.testcontainers.properties, will try it first
2025-04-28T09:41:54.168-06:00  INFO 15805 --- [oracleDbContainer] [           main] o.t.d.DockerClientProviderStrategy       : Found Docker environment with local Unix socket (unix:///var/run/docker.sock)
2025-04-28T09:41:54.169-06:00  INFO 15805 --- [oracleDbContainer] [           main] org.testcontainers.DockerClientFactory   : Docker host IP address is localhost
2025-04-28T09:41:54.179-06:00  INFO 15805 --- [oracleDbContainer] [           main] org.testcontainers.DockerClientFactory   : Connected to docker: 
  Server Version: 28.0.1
  API Version: 1.48
  Operating System: Docker Desktop
  Total Memory: 3919 MB
  Labels: 
    com.docker.desktop.address=unix:///Users/fernandadiaz/Library/Containers/com.docker.docker/Data/docker-cli.sock
2025-04-28T09:41:54.187-06:00  INFO 15805 --- [oracleDbContainer] [           main] tc.testcontainers/ryuk:0.11.0            : Creating container for image: testcontainers/ryuk:0.11.0
2025-04-28T09:41:56.034-06:00  INFO 15805 --- [oracleDbContainer] [           main] tc.testcontainers/ryuk:0.11.0            : Container testcontainers/ryuk:0.11.0 is starting: f8fa4c9575c58fe618245e312ab6ac10079836972ffc38421164f5f682a81a28
2025-04-28T09:41:56.508-06:00  INFO 15805 --- [oracleDbContainer] [           main] tc.testcontainers/ryuk:0.11.0            : Container testcontainers/ryuk:0.11.0 started in PT2.321048S
2025-04-28T09:41:56.516-06:00  INFO 15805 --- [oracleDbContainer] [           main] o.t.utility.RyukResourceReaper           : Ryuk started - will monitor and terminate Testcontainers containers on JVM exit
2025-04-28T09:41:56.516-06:00  INFO 15805 --- [oracleDbContainer] [           main] org.testcontainers.DockerClientFactory   : Checking the system...
2025-04-28T09:41:56.516-06:00  INFO 15805 --- [oracleDbContainer] [           main] org.testcontainers.DockerClientFactory   : ✔︎ Docker server version should be at least 1.6.0
2025-04-28T09:41:56.516-06:00  INFO 15805 --- [oracleDbContainer] [           main] t.g.6-slim-faststart                     : Creating container for image: gvenzl/oracle-free:23.6-slim-faststart
2025-04-28T09:41:56.557-06:00  INFO 15805 --- [oracleDbContainer] [           main] t.g.6-slim-faststart                     : Container gvenzl/oracle-free:23.6-slim-faststart is starting: f9be94ea9bba42bd94ee24b9ff2c39cf97b00eb3fff39f7a835a156022823c4a
2025-04-28T09:42:12.593-06:00  INFO 15805 --- [oracleDbContainer] [           main] t.g.6-slim-faststart                     : Container gvenzl/oracle-free:23.6-slim-faststart started in PT16.076184S
2025-04-28T09:42:12.597-06:00  INFO 15805 --- [oracleDbContainer] [           main] t.g.6-slim-faststart                     : Container is started (JDBC URL: jdbc:oracle:thin:@localhost:49947/freepdb1)
2025-04-28T09:42:12.638-06:00  INFO 15805 --- [oracleDbContainer] [           main] org.testcontainers.ext.ScriptUtils       : Executing database script from db-backup.sql
2025-04-28T09:42:13.632-06:00  INFO 15805 --- [oracleDbContainer] [           main] org.testcontainers.ext.ScriptUtils       : Executed database script from db-backup.sql in 993 ms.
]]></system-out>
  </testcase>
</testsuite>