<?xml version="1.0" encoding="UTF-8"?>
<testsuite xmlns:xsi="http://www.w3.org/2001/XMLSchema-instance" xsi:noNamespaceSchemaLocation="https://maven.apache.org/surefire/maven-surefire-plugin/xsd/surefire-test-report.xsd" version="3.0.2" name="com.example.oracleDbContainer.InitializedDatabaseTest" time="0.133" tests="1" errors="1" skipped="0" failures="0">
  <properties>
[...]
</properties>
  <testcase name="" classname="com.example.oracleDbContainer.InitializedDatabaseTest" time="0.133">
    <error message="Could not find a valid Docker environment. Please see logs and check configuration" type="java.lang.IllegalStateException"><![CDATA[java.lang.IllegalStateException: Could not find a valid Docker environment. Please see logs and check configuration
	at org.testcontainers.dockerclient.DockerClientProviderStrategy.lambda$getFirstValidStrategy$7(DockerClientProviderStrategy.java:274)
	at java.base/java.util.Optional.orElseThrow(Optional.java:403)
	at org.testcontainers.dockerclient.DockerClientProviderStrategy.getFirstValidStrategy(DockerClientProviderStrategy.java:265)
	at org.testcontainers.DockerClientFactory.getOrInitializeStrategy(DockerClientFactory.java:154)
	at org.testcontainers.DockerClientFactory.client(DockerClientFactory.java:196)
	at org.testcontainers.DockerClientFactory$1.getDockerClient(DockerClientFactory.java:108)
	at com.github.dockerjava.api.DockerClientDelegate.authConfig(DockerClientDelegate.java:109)
	at org.testcontainers.containers.GenericContainer.start(GenericContainer.java:321)
	at com.example.oracleDbContainer.InitializedDatabaseTest.setUp(InitializedDatabaseTest.java:29)
	at java.base/java.lang.reflect.Method.invoke(Method.java:580)
	at java.base/java.util.ArrayList.forEach(ArrayList.java:1597)
]]></error>
    <system-out><![CDATA[2025-04-28T08:38:26.966-06:00  INFO 63531 --- [oracleDbContainer] [           main] org.testcontainers.images.PullPolicy     : Image pull policy will be performed by: DefaultPullPolicy()
2025-04-28T08:38:26.967-06:00  INFO 63531 --- [oracleDbContainer] [           main] o.t.utility.ImageNameSubstitutor         : Image name substitution will be performed by: DefaultImageNameSubstitutor (composite of 'ConfigurationFileImageNameSubstitutor' and 'PrefixingImageNameSubstitutor')
2025-04-28T08:38:26.973-06:00  INFO 63531 --- [oracleDbContainer] [           main] org.testcontainers.DockerClientFactory   : Testcontainers version: 1.20.6
2025-04-28T08:38:27.078-06:00  INFO 63531 --- [oracleDbContainer] [           main] o.t.d.DockerClientProviderStrategy       : Loaded org.testcontainers.dockerclient.UnixSocketClientProviderStrategy from ~/.testcontainers.properties, will try it first
2025-04-28T08:38:27.084-06:00  INFO 63531 --- [oracleDbContainer] [           main] .t.d.DockerMachineClientProviderStrategy : docker-machine executable was not found on PATH ([/Users/fernandadiaz/.nvm/versions/node/v20.12.0/bin, /Users/fernandadiaz/anaconda3/bin, /Users/fernandadiaz/anaconda3/condabin, /opt/homebrew/bin, /opt/homebrew/sbin, /opt/local/bin, /opt/local/sbin, /Library/Frameworks/Python.framework/Versions/3.10/bin, /usr/local/bin, /System/Cryptexes/App/usr/bin, /usr/bin, /bin, /usr/sbin, /sbin, /Library/PostgreSQL/16/bin, /var/run/com.apple.security.cryptexd/codex.system/bootstrap/usr/local/bin, /var/run/com.apple.security.cryptexd/codex.system/bootstrap/usr/bin, /var/run/com.apple.security.cryptexd/codex.system/bootstrap/usr/appleinternal/bin, /Library/Apple/usr/bin, /usr/local/share/dotnet, ~/.dotnet/tools, /Library/Frameworks/Mono.framework/Versions/Current/Commands, /Users/fernandadiaz/Library/Android/sdk/emulator, /Users/fernandadiaz/Library/Android/sdk/platform-tools])
2025-04-28T08:38:27.084-06:00 ERROR 63531 --- [oracleDbContainer] [           main] o.t.d.DockerClientProviderStrategy       : Could not find a valid Docker environment. Please check configuration. Attempted configurations were:
	UnixSocketClientProviderStrategy: failed with exception InvalidConfigurationException (Could not find unix domain socket). Root cause NoSuchFileException (/var/run/docker.sock)
	DockerDesktopClientProviderStrategy: failed with exception NullPointerException (Cannot invoke "java.nio.file.Path.toString()" because the return value of "org.testcontainers.dockerclient.DockerDesktopClientProviderStrategy.getSocketPath()" is null)As no valid configuration was found, execution cannot continue.
See https://java.testcontainers.org/on_failure.html for more details.
]]></system-out>
  </testcase>
</testsuite>